<?xml version="1.0" encoding="UTF-8"?>
<!-- Generated by org.testng.reporters.JUnitReportReporter -->
<testsuite hostname="2105IBULT1126" failures="0" tests="2" name="com.apexit.testrunner.TestRunner" time="114.680" errors="0" timestamp="2022-12-13T11:47:47 IST" skipped="0">
  <testcase classname="com.apexit.testrunner.TestRunner" name="runScenario" time="19.156"/>
  <system-out/>
  <testcase classname="com.apexit.testrunner.TestRunner" name="runScenario" time="95.524"/>
  <system-out/>
</testsuite> <!-- com.apexit.testrunner.TestRunner -->
